<?xml version="1.0" encoding="UTF-8"?>
<!-- Generated by org.testng.reporters.JUnitReportReporter -->
<testsuite hostname="HbpSoft" failures="0" tests="1" name="Sanity.Atlas.Today_activity" time="0.470" errors="0" timestamp="2024-03-19T16:07:21 IST" skipped="0">
  <testcase classname="Sanity.Atlas.Today_activity" name="testDB" time="0.470"/>
  <system-out/>
</testsuite> <!-- Sanity.Atlas.Today_activity -->
