<?xml version="1.0" encoding="UTF-8"?>
<!-- Generated by org.testng.reporters.JUnitReportReporter -->
<testsuite hostname="vivobook-asuslaptop-x512flc-x512fl" failures="0" tests="11" name="Sanity.Atlas.Testing" time="124.169" errors="0" timestamp="2024-01-03T16:21:21 IST" skipped="0">
  <testcase classname="Sanity.Atlas.Testing" name="login" time="11.416"/>
  <system-out/>
  <testcase classname="Sanity.Atlas.Testing" name="series_set" time="15.027"/>
  <system-out/>
  <testcase classname="Sanity.Atlas.Testing" name="atlaseditor" time="16.006"/>
  <system-out/>
  <testcase classname="Sanity.Atlas.Testing" name="Editmenu" time="2.607"/>
  <system-out/>
  <testcase classname="Sanity.Atlas.Testing" name="contributor" time="4.240"/>
  <system-out/>
  <testcase classname="Sanity.Atlas.Testing" name="draw" time="2.148"/>
  <system-out/>
  <testcase classname="Sanity.Atlas.Testing" name="annotation" time="19.664"/>
  <system-out/>
  <testcase classname="Sanity.Atlas.Testing" name="save" time="5.151"/>
  <system-out/>
  <testcase classname="Sanity.Atlas.Testing" name="back" time="4.900"/>
  <system-out/>
  <testcase classname="Sanity.Atlas.Testing" name="retrive" time="27.098"/>
  <system-out/>
  <testcase classname="Sanity.Atlas.Testing" name="delete" time="15.912"/>
  <system-out/>
</testsuite> <!-- Sanity.Atlas.Testing -->
