<?xml version="1.0" encoding="UTF-8"?>
<!-- Generated by org.testng.reporters.JUnitReportReporter -->
<testsuite hostname="vivobook-asuslaptop-x512flc-x512fl" failures="0" tests="11" name="Sanity.Atlas.Testing" time="133.866" errors="0" timestamp="2024-02-21T11:20:39 IST" skipped="0">
  <testcase classname="Sanity.Atlas.Testing" name="login" time="13.993"/>
  <system-out/>
  <testcase classname="Sanity.Atlas.Testing" name="series_set" time="18.339"/>
  <system-out/>
  <testcase classname="Sanity.Atlas.Testing" name="atlaseditor" time="16.729"/>
  <system-out/>
  <testcase classname="Sanity.Atlas.Testing" name="Editmenu" time="2.169"/>
  <system-out/>
  <testcase classname="Sanity.Atlas.Testing" name="contributor" time="4.966"/>
  <system-out/>
  <testcase classname="Sanity.Atlas.Testing" name="draw" time="2.896"/>
  <system-out/>
  <testcase classname="Sanity.Atlas.Testing" name="annotation" time="20.197"/>
  <system-out/>
  <testcase classname="Sanity.Atlas.Testing" name="save" time="4.356"/>
  <system-out/>
  <testcase classname="Sanity.Atlas.Testing" name="back" time="4.643"/>
  <system-out/>
  <testcase classname="Sanity.Atlas.Testing" name="retrive" time="28.061"/>
  <system-out/>
  <testcase classname="Sanity.Atlas.Testing" name="delete" time="17.517"/>
  <system-out/>
</testsuite> <!-- Sanity.Atlas.Testing -->
