<?xml version="1.0" encoding="UTF-8"?>
<!-- Generated by org.testng.reporters.JUnitReportReporter -->
<testsuite hostname="vivobook-asuslaptop-x512flc-x512fl" failures="0" tests="11" name="Sanity.Atlas.Testing" time="131.391" errors="0" timestamp="2023-11-08T09:59:33 IST" skipped="0">
  <testcase classname="Sanity.Atlas.Testing" name="login" time="10.042"/>
  <system-out/>
  <testcase classname="Sanity.Atlas.Testing" name="series_set" time="15.470"/>
  <system-out/>
  <testcase classname="Sanity.Atlas.Testing" name="atlaseditor" time="17.830"/>
  <system-out/>
  <testcase classname="Sanity.Atlas.Testing" name="Editmenu" time="2.992"/>
  <system-out/>
  <testcase classname="Sanity.Atlas.Testing" name="contributor" time="5.894"/>
  <system-out/>
  <testcase classname="Sanity.Atlas.Testing" name="draw" time="2.097"/>
  <system-out/>
  <testcase classname="Sanity.Atlas.Testing" name="annotation" time="21.036"/>
  <system-out/>
  <testcase classname="Sanity.Atlas.Testing" name="save" time="5.071"/>
  <system-out/>
  <testcase classname="Sanity.Atlas.Testing" name="back" time="5.851"/>
  <system-out/>
  <testcase classname="Sanity.Atlas.Testing" name="retrive" time="28.200"/>
  <system-out/>
  <testcase classname="Sanity.Atlas.Testing" name="delete" time="16.908"/>
  <system-out/>
</testsuite> <!-- Sanity.Atlas.Testing -->
