<?xml version="1.0" encoding="UTF-8"?>
<!-- Generated by org.testng.reporters.JUnitReportReporter -->
<testsuite hostname="vivobook-asuslaptop-x512flc-x512fl" failures="0" tests="11" name="Sanity.Atlas.Testing" time="124.266" errors="0" timestamp="2023-10-19T12:59:37 IST" skipped="0">
  <testcase classname="Sanity.Atlas.Testing" name="login" time="17.013"/>
  <system-out/>
  <testcase classname="Sanity.Atlas.Testing" name="series_set" time="14.270"/>
  <system-out/>
  <testcase classname="Sanity.Atlas.Testing" name="atlaseditor" time="9.076"/>
  <system-out/>
  <testcase classname="Sanity.Atlas.Testing" name="Editmenu" time="2.716"/>
  <system-out/>
  <testcase classname="Sanity.Atlas.Testing" name="contributor" time="5.121"/>
  <system-out/>
  <testcase classname="Sanity.Atlas.Testing" name="draw" time="2.959"/>
  <system-out/>
  <testcase classname="Sanity.Atlas.Testing" name="annotation" time="17.978"/>
  <system-out/>
  <testcase classname="Sanity.Atlas.Testing" name="save" time="6.012"/>
  <system-out/>
  <testcase classname="Sanity.Atlas.Testing" name="back" time="5.007"/>
  <system-out/>
  <testcase classname="Sanity.Atlas.Testing" name="retrive" time="25.260"/>
  <system-out/>
  <testcase classname="Sanity.Atlas.Testing" name="delete" time="18.854"/>
  <system-out/>
</testsuite> <!-- Sanity.Atlas.Testing -->
