<?xml version="1.0" encoding="UTF-8"?>
<!-- Generated by org.testng.reporters.JUnitReportReporter -->
<testsuite hostname="HbpSoft" failures="0" tests="2" name="Sanity.Atlas.swiggy" time="54.838" errors="0" timestamp="2024-03-18T11:06:47 IST" skipped="0">
  <testcase classname="Sanity.Atlas.swiggy" name="login" time="49.235"/>
  <system-out/>
  <testcase classname="Sanity.Atlas.swiggy" name="login2" time="5.603"/>
  <system-out/>
</testsuite> <!-- Sanity.Atlas.swiggy -->
