<?xml version="1.0" encoding="UTF-8"?>
<!-- Generated by org.testng.reporters.JUnitReportReporter -->
<testsuite hostname="vivobook-asuslaptop-x512flc-x512fl" failures="0" tests="6" name="Sanity.Atlas.Testing" time="70.316" errors="0" timestamp="2024-01-03T16:03:07 IST" skipped="0">
  <testcase classname="Sanity.Atlas.Testing" name="login" time="12.150"/>
  <system-out/>
  <testcase classname="Sanity.Atlas.Testing" name="series_set" time="16.220"/>
  <system-out/>
  <testcase classname="Sanity.Atlas.Testing" name="atlaseditor" time="16.079"/>
  <system-out/>
  <testcase classname="Sanity.Atlas.Testing" name="Editmenu" time="2.760"/>
  <system-out/>
  <testcase classname="Sanity.Atlas.Testing" name="contributor" time="4.994"/>
  <system-out/>
  <testcase classname="Sanity.Atlas.Testing" name="delete" time="18.113"/>
  <system-out/>
</testsuite> <!-- Sanity.Atlas.Testing -->
