<?xml version="1.0" encoding="UTF-8"?>
<!-- Generated by org.testng.reporters.JUnitReportReporter -->
<testsuite hostname="HbpSoft" failures="0" tests="10" name="Sanity.Atlas.Atlas_Pins" time="78.392" errors="0" timestamp="2024-02-29T13:38:25 IST" skipped="0">
  <testcase classname="Sanity.Atlas.Atlas_Pins" name="login" time="8.938"/>
  <system-out/>
  <testcase classname="Sanity.Atlas.Atlas_Pins" name="series_set" time="18.312"/>
  <system-out/>
  <testcase classname="Sanity.Atlas.Atlas_Pins" name="atlaseditor" time="14.136"/>
  <system-out/>
  <testcase classname="Sanity.Atlas.Atlas_Pins" name="Editmenu" time="2.180"/>
  <system-out/>
  <testcase classname="Sanity.Atlas.Atlas_Pins" name="add_pins1" time="4.658"/>
  <system-out/>
  <testcase classname="Sanity.Atlas.Atlas_Pins" name="show_pins" time="7.136"/>
  <system-out/>
  <testcase classname="Sanity.Atlas.Atlas_Pins" name="Hide_pins" time="5.109"/>
  <system-out/>
  <testcase classname="Sanity.Atlas.Atlas_Pins" name="Retrive_pin1" time="7.418"/>
  <system-out/>
  <testcase classname="Sanity.Atlas.Atlas_Pins" name="pin_cancel" time="5.156"/>
  <system-out/>
  <testcase classname="Sanity.Atlas.Atlas_Pins" name="pin_delete" time="5.349"/>
  <system-out/>
</testsuite> <!-- Sanity.Atlas.Atlas_Pins -->
