<?xml version="1.0" encoding="UTF-8"?>
<!-- Generated by org.testng.reporters.JUnitReportReporter -->
<testsuite hostname="HbpSoft" failures="0" tests="6" name="Sanity.Atlas.AtlasEditor_Activity" time="66.078" errors="0" timestamp="2024-03-20T12:35:40 IST" skipped="0">
  <testcase classname="Sanity.Atlas.AtlasEditor_Activity" name="login" time="14.954"/>
  <system-out/>
  <testcase classname="Sanity.Atlas.AtlasEditor_Activity" name="brain_search" time="17.492"/>
  <system-out/>
  <testcase classname="Sanity.Atlas.AtlasEditor_Activity" name="activity_Search" time="18.315"/>
  <system-out/>
  <testcase classname="Sanity.Atlas.AtlasEditor_Activity" name="userName" time="4.122"/>
  <system-out/>
  <testcase classname="Sanity.Atlas.AtlasEditor_Activity" name="Action" time="4.096"/>
  <system-out/>
  <testcase classname="Sanity.Atlas.AtlasEditor_Activity" name="Info" time="7.099"/>
  <system-out/>
</testsuite> <!-- Sanity.Atlas.AtlasEditor_Activity -->
