<?xml version="1.0" encoding="UTF-8"?>
<!-- Generated by org.testng.reporters.JUnitReportReporter -->
<testsuite hostname="HbpSoft" failures="0" tests="11" name="Sanity.Atlas.Testing" time="179.482" errors="0" timestamp="2024-03-14T13:17:25 IST" skipped="0">
  <testcase classname="Sanity.Atlas.Testing" name="login" time="17.577"/>
  <system-out/>
  <testcase classname="Sanity.Atlas.Testing" name="series_set" time="22.885"/>
  <system-out/>
  <testcase classname="Sanity.Atlas.Testing" name="atlaseditor" time="16.476"/>
  <system-out/>
  <testcase classname="Sanity.Atlas.Testing" name="Editmenu" time="3.316"/>
  <system-out/>
  <testcase classname="Sanity.Atlas.Testing" name="contributor" time="9.821"/>
  <system-out/>
  <testcase classname="Sanity.Atlas.Testing" name="draw" time="9.113"/>
  <system-out/>
  <testcase classname="Sanity.Atlas.Testing" name="annotation" time="32.429"/>
  <system-out/>
  <testcase classname="Sanity.Atlas.Testing" name="save" time="9.405"/>
  <system-out/>
  <testcase classname="Sanity.Atlas.Testing" name="back" time="11.464"/>
  <system-out/>
  <testcase classname="Sanity.Atlas.Testing" name="retrive" time="29.919"/>
  <system-out/>
  <testcase classname="Sanity.Atlas.Testing" name="delete" time="17.077"/>
  <system-out/>
</testsuite> <!-- Sanity.Atlas.Testing -->
