<?xml version="1.0" encoding="UTF-8"?>
<!-- Generated by org.testng.reporters.JUnitReportReporter -->
<testsuite hostname="HbpSoft" failures="0" tests="6" name="Sanity.Atlas.Activity_log" time="72.826" errors="0" timestamp="2024-03-14T16:34:19 IST" skipped="0">
  <testcase classname="Sanity.Atlas.Activity_log" name="login" time="20.936"/>
  <system-out/>
  <testcase classname="Sanity.Atlas.Activity_log" name="brain_search" time="19.880"/>
  <system-out/>
  <testcase classname="Sanity.Atlas.Activity_log" name="activity_Search" time="19.270"/>
  <system-out/>
  <testcase classname="Sanity.Atlas.Activity_log" name="userName" time="4.520"/>
  <system-out/>
  <testcase classname="Sanity.Atlas.Activity_log" name="Action" time="4.087"/>
  <system-out/>
  <testcase classname="Sanity.Atlas.Activity_log" name="Info" time="4.133"/>
  <system-out/>
</testsuite> <!-- Sanity.Atlas.Activity_log -->
