<?xml version="1.0" encoding="UTF-8"?>
<!-- Generated by org.testng.reporters.JUnitReportReporter -->
<testsuite hostname="HbpSoft" failures="0" tests="11" name="Sanity.Atlas.Testing" time="130.988" errors="0" timestamp="2024-02-29T09:52:19 IST" skipped="0">
  <testcase classname="Sanity.Atlas.Testing" name="login" time="10.709"/>
  <system-out/>
  <testcase classname="Sanity.Atlas.Testing" name="series_set" time="18.821"/>
  <system-out/>
  <testcase classname="Sanity.Atlas.Testing" name="atlaseditor" time="16.698"/>
  <system-out/>
  <testcase classname="Sanity.Atlas.Testing" name="Editmenu" time="2.210"/>
  <system-out/>
  <testcase classname="Sanity.Atlas.Testing" name="contributor" time="4.317"/>
  <system-out/>
  <testcase classname="Sanity.Atlas.Testing" name="draw" time="2.475"/>
  <system-out/>
  <testcase classname="Sanity.Atlas.Testing" name="annotation" time="20.067"/>
  <system-out/>
  <testcase classname="Sanity.Atlas.Testing" name="save" time="4.361"/>
  <system-out/>
  <testcase classname="Sanity.Atlas.Testing" name="back" time="5.214"/>
  <system-out/>
  <testcase classname="Sanity.Atlas.Testing" name="retrive" time="27.664"/>
  <system-out/>
  <testcase classname="Sanity.Atlas.Testing" name="delete" time="18.452"/>
  <system-out/>
</testsuite> <!-- Sanity.Atlas.Testing -->
